<?xml version="1.0" encoding="UTF-8"?>
<testsuite xmlns:xsi="http://www.w3.org/2001/XMLSchema-instance" xsi:noNamespaceSchemaLocation="https://maven.apache.org/surefire/maven-surefire-plugin/xsd/surefire-test-report.xsd" version="3.0.2" name="L2023110080_1_Test" time="0.05" tests="7" errors="0" skipped="0" failures="0">
  <properties>
[...]
</properties>
  <testcase name="testDivideByZero" classname="L2023110080_1_Test" time="0.006"/>
  <testcase name="testFiniteDecimal" classname="L2023110080_1_Test" time="0.0"/>
  <testcase name="testIntegerResult" classname="L2023110080_1_Test" time="0.0"/>
  <testcase name="testZeroNumerator" classname="L2023110080_1_Test" time="0.0"/>
  <testcase name="testComplexRepeating" classname="L2023110080_1_Test" time="0.0"/>
  <testcase name="testRepeatingDecimal" classname="L2023110080_1_Test" time="0.0"/>
  <testcase name="testNegativeNumbers" classname="L2023110080_1_Test" time="0.0"/>
</testsuite>